This is pdfTeX, Version 3.1415926-2.5-1.40.14 (TeX Live 2013/Debian) (format=pdflatex 2016.8.24)  28 DEC 2017 12:07
entering extended mode
 restricted \write18 enabled.
 %&-line parsing enabled.
**PAPIERLZWO.tex
(./PAPIERLZWO.tex
LaTeX2e <2011/06/27>
Babel <3.9h> and hyphenation patterns for 78 languages loaded.
(/usr/share/texlive/texmf-dist/tex/latex/elsarticle/elsarticle.cls
Document Class: elsarticle 2009/09/17, 1.2.0: Elsevier Ltd
\@bls=\dimen102
(/usr/share/texlive/texmf-dist/tex/latex/base/article.cls
Document Class: article 2007/10/19 v1.4h Standard LaTeX document class
(/usr/share/texlive/texmf-dist/tex/latex/base/size12.clo
File: size12.clo 2007/10/19 v1.4h Standard LaTeX file (size option)
)
\c@part=\count79
\c@section=\count80
\c@subsection=\count81
\c@subsubsection=\count82
\c@paragraph=\count83
\c@subparagraph=\count84
\c@figure=\count85
\c@table=\count86
\abovecaptionskip=\skip41
\belowcaptionskip=\skip42
\bibindent=\dimen103
)
(/usr/share/texlive/texmf-dist/tex/latex/graphics/graphicx.sty
Package: graphicx 1999/02/16 v1.0f Enhanced LaTeX Graphics (DPC,SPQR)

(/usr/share/texlive/texmf-dist/tex/latex/graphics/keyval.sty
Package: keyval 1999/03/16 v1.13 key=value parser (DPC)
\KV@toks@=\toks14
)
(/usr/share/texlive/texmf-dist/tex/latex/graphics/graphics.sty
Package: graphics 2009/02/05 v1.0o Standard LaTeX Graphics (DPC,SPQR)

(/usr/share/texlive/texmf-dist/tex/latex/graphics/trig.sty
Package: trig 1999/03/16 v1.09 sin cos tan (DPC)
)
(/usr/share/texlive/texmf-dist/tex/latex/latexconfig/graphics.cfg
File: graphics.cfg 2010/04/23 v1.9 graphics configuration of TeX Live
)
Package graphics Info: Driver file: pdftex.def on input line 91.

(/usr/share/texlive/texmf-dist/tex/latex/pdftex-def/pdftex.def
File: pdftex.def 2011/05/27 v0.06d Graphics/color for pdfTeX

(/usr/share/texlive/texmf-dist/tex/generic/oberdiek/infwarerr.sty
Package: infwarerr 2010/04/08 v1.3 Providing info/warning/error messages (HO)
)
(/usr/share/texlive/texmf-dist/tex/generic/oberdiek/ltxcmds.sty
Package: ltxcmds 2011/11/09 v1.22 LaTeX kernel commands for general use (HO)
)
\Gread@gobject=\count87
))
\Gin@req@height=\dimen104
\Gin@req@width=\dimen105
)
(/usr/share/texlive/texmf-dist/tex/latex/psnfss/pifont.sty
Package: pifont 2005/04/12 PSNFSS-v9.2a Pi font support (SPQR) 
LaTeX Font Info:    Try loading font information for U+pzd on input line 63.

(/usr/share/texlive/texmf-dist/tex/latex/psnfss/upzd.fd
File: upzd.fd 2001/06/04 font definitions for U/pzd.
)
LaTeX Font Info:    Try loading font information for U+psy on input line 64.

(/usr/share/texlive/texmf-dist/tex/latex/psnfss/upsy.fd
File: upsy.fd 2001/06/04 font definitions for U/psy.
))
\c@tnote=\count88
\c@fnote=\count89
\c@cnote=\count90
\c@ead=\count91
\c@author=\count92
\@eadauthor=\toks15
\c@affn=\count93
\absbox=\box26
\keybox=\box27
\Columnwidth=\dimen106
\space@left=\dimen107
\els@boxa=\box28
\els@boxb=\box29
\leftMargin=\dimen108
\@enLab=\toks16
\@sep=\skip43
\@@sep=\skip44
 (./PAPIERLZWO.spl)
(/usr/share/texlive/texmf-dist/tex/latex/natbib/natbib.sty
Package: natbib 2010/09/13 8.31b (PWD, AO)
\bibhang=\skip45
\bibsep=\skip46
LaTeX Info: Redefining \cite on input line 694.
\c@NAT@ctr=\count94
)
\splwrite=\write3
\openout3 = `PAPIERLZWO.spl'.

)
(/usr/share/texlive/texmf-dist/tex/latex/lineno/lineno.sty
Package: lineno 2005/11/02 line numbers on paragraphs v4.41
\linenopenalty=\count95
\output=\toks17
\linenoprevgraf=\count96
\linenumbersep=\dimen109
\linenumberwidth=\dimen110
\c@linenumber=\count97
\c@pagewiselinenumber=\count98
\c@LN@truepage=\count99
\c@internallinenumber=\count100
\c@internallinenumbers=\count101
\quotelinenumbersep=\dimen111
\bframerule=\dimen112
\bframesep=\dimen113
\bframebox=\box30
LaTeX Info: Redefining \\ on input line 3056.
)
(/usr/share/texlive/texmf-dist/tex/latex/hyperref/hyperref.sty
Package: hyperref 2012/11/06 v6.83m Hypertext links for LaTeX

(/usr/share/texlive/texmf-dist/tex/generic/oberdiek/hobsub-hyperref.sty
Package: hobsub-hyperref 2012/05/28 v1.13 Bundle oberdiek, subset hyperref (HO)


(/usr/share/texlive/texmf-dist/tex/generic/oberdiek/hobsub-generic.sty
Package: hobsub-generic 2012/05/28 v1.13 Bundle oberdiek, subset generic (HO)
Package: hobsub 2012/05/28 v1.13 Construct package bundles (HO)
Package hobsub Info: Skipping package `infwarerr' (already loaded).
Package hobsub Info: Skipping package `ltxcmds' (already loaded).
Package: ifluatex 2010/03/01 v1.3 Provides the ifluatex switch (HO)
Package ifluatex Info: LuaTeX not detected.
Package: ifvtex 2010/03/01 v1.5 Detect VTeX and its facilities (HO)
Package ifvtex Info: VTeX not detected.
Package: intcalc 2007/09/27 v1.1 Expandable calculations with integers (HO)
Package: ifpdf 2011/01/30 v2.3 Provides the ifpdf switch (HO)
Package ifpdf Info: pdfTeX in PDF mode is detected.
Package: etexcmds 2011/02/16 v1.5 Avoid name clashes with e-TeX commands (HO)
Package etexcmds Info: Could not find \expanded.
(etexcmds)             That can mean that you are not using pdfTeX 1.50 or
(etexcmds)             that some package has redefined \expanded.
(etexcmds)             In the latter case, load this package earlier.
Package: kvsetkeys 2012/04/25 v1.16 Key value parser (HO)
Package: kvdefinekeys 2011/04/07 v1.3 Define keys (HO)
Package: pdftexcmds 2011/11/29 v0.20 Utility functions of pdfTeX for LuaTeX (HO
)
Package pdftexcmds Info: LuaTeX not detected.
Package pdftexcmds Info: \pdf@primitive is available.
Package pdftexcmds Info: \pdf@ifprimitive is available.
Package pdftexcmds Info: \pdfdraftmode found.
Package: pdfescape 2011/11/25 v1.13 Implements pdfTeX's escape features (HO)
Package: bigintcalc 2012/04/08 v1.3 Expandable calculations on big integers (HO
)
Package: bitset 2011/01/30 v1.1 Handle bit-vector datatype (HO)
Package: uniquecounter 2011/01/30 v1.2 Provide unlimited unique counter (HO)
)
Package hobsub Info: Skipping package `hobsub' (already loaded).
Package: letltxmacro 2010/09/02 v1.4 Let assignment for LaTeX macros (HO)
Package: hopatch 2012/05/28 v1.2 Wrapper for package hooks (HO)
Package: xcolor-patch 2011/01/30 xcolor patch
Package: atveryend 2011/06/30 v1.8 Hooks at the very end of document (HO)
Package atveryend Info: \enddocument detected (standard20110627).
Package: atbegshi 2011/10/05 v1.16 At begin shipout hook (HO)
Package: refcount 2011/10/16 v3.4 Data extraction from label references (HO)
Package: hycolor 2011/01/30 v1.7 Color options for hyperref/bookmark (HO)
)
(/usr/share/texlive/texmf-dist/tex/generic/ifxetex/ifxetex.sty
Package: ifxetex 2010/09/12 v0.6 Provides ifxetex conditional
)
(/usr/share/texlive/texmf-dist/tex/latex/oberdiek/auxhook.sty
Package: auxhook 2011/03/04 v1.3 Hooks for auxiliary files (HO)
)
(/usr/share/texlive/texmf-dist/tex/latex/oberdiek/kvoptions.sty
Package: kvoptions 2011/06/30 v3.11 Key value format for package options (HO)
)
\@linkdim=\dimen114
\Hy@linkcounter=\count102
\Hy@pagecounter=\count103

(/usr/share/texlive/texmf-dist/tex/latex/hyperref/pd1enc.def
File: pd1enc.def 2012/11/06 v6.83m Hyperref: PDFDocEncoding definition (HO)
)
\Hy@SavedSpaceFactor=\count104

(/usr/share/texlive/texmf-dist/tex/latex/latexconfig/hyperref.cfg
File: hyperref.cfg 2002/06/06 v1.2 hyperref configuration of TeXLive
)
Package hyperref Info: Hyper figures OFF on input line 4443.
Package hyperref Info: Link nesting OFF on input line 4448.
Package hyperref Info: Hyper index ON on input line 4451.
Package hyperref Info: Plain pages OFF on input line 4458.
Package hyperref Info: Backreferencing OFF on input line 4463.
Package hyperref Info: Implicit mode ON; LaTeX internals redefined.
Package hyperref Info: Bookmarks ON on input line 4688.
\c@Hy@tempcnt=\count105

(/usr/share/texlive/texmf-dist/tex/latex/url/url.sty
\Urlmuskip=\muskip10
Package: url 2013/09/16  ver 3.4  Verb mode for urls, etc.
)
LaTeX Info: Redefining \url on input line 5041.
\XeTeXLinkMargin=\dimen115
\Fld@menulength=\count106
\Field@Width=\dimen116
\Fld@charsize=\dimen117
Package hyperref Info: Hyper figures OFF on input line 6295.
Package hyperref Info: Link nesting OFF on input line 6300.
Package hyperref Info: Hyper index ON on input line 6303.
Package hyperref Info: backreferencing OFF on input line 6310.
Package hyperref Info: Link coloring OFF on input line 6315.
Package hyperref Info: Link coloring with OCG OFF on input line 6320.
Package hyperref Info: PDF/A mode OFF on input line 6325.
LaTeX Info: Redefining \ref on input line 6365.
LaTeX Info: Redefining \pageref on input line 6369.
\Hy@abspage=\count107
\c@Item=\count108
\c@Hfootnote=\count109
)

Package hyperref Message: Driver (autodetected): hpdftex.

(/usr/share/texlive/texmf-dist/tex/latex/hyperref/hpdftex.def
File: hpdftex.def 2012/11/06 v6.83m Hyperref driver for pdfTeX
\Fld@listcount=\count110
\c@bookmark@seq@number=\count111

(/usr/share/texlive/texmf-dist/tex/latex/oberdiek/rerunfilecheck.sty
Package: rerunfilecheck 2011/04/15 v1.7 Rerun checks for auxiliary files (HO)
Package uniquecounter Info: New unique counter `rerunfilecheck' on input line 2
82.
)
\Hy@SectionHShift=\skip47
)
(./PAPIERLZWO.aux)
\openout1 = `PAPIERLZWO.aux'.

LaTeX Font Info:    Checking defaults for OML/cmm/m/it on input line 40.
LaTeX Font Info:    ... okay on input line 40.
LaTeX Font Info:    Checking defaults for T1/cmr/m/n on input line 40.
LaTeX Font Info:    ... okay on input line 40.
LaTeX Font Info:    Checking defaults for OT1/cmr/m/n on input line 40.
LaTeX Font Info:    ... okay on input line 40.
LaTeX Font Info:    Checking defaults for OMS/cmsy/m/n on input line 40.
LaTeX Font Info:    ... okay on input line 40.
LaTeX Font Info:    Checking defaults for OMX/cmex/m/n on input line 40.
LaTeX Font Info:    ... okay on input line 40.
LaTeX Font Info:    Checking defaults for U/cmr/m/n on input line 40.
LaTeX Font Info:    ... okay on input line 40.
LaTeX Font Info:    Checking defaults for PD1/pdf/m/n on input line 40.
LaTeX Font Info:    ... okay on input line 40.

(/usr/share/texlive/texmf-dist/tex/context/base/supp-pdf.mkii
[Loading MPS to PDF converter (version 2006.09.02).]
\scratchcounter=\count112
\scratchdimen=\dimen118
\scratchbox=\box31
\nofMPsegments=\count113
\nofMParguments=\count114
\everyMPshowfont=\toks18
\MPscratchCnt=\count115
\MPscratchDim=\dimen119
\MPnumerator=\count116
\makeMPintoPDFobject=\count117
\everyMPtoPDFconversion=\toks19
) (/usr/share/texlive/texmf-dist/tex/latex/oberdiek/epstopdf-base.sty
Package: epstopdf-base 2010/02/09 v2.5 Base part for package epstopdf

(/usr/share/texlive/texmf-dist/tex/latex/oberdiek/grfext.sty
Package: grfext 2010/08/19 v1.1 Manage graphics extensions (HO)
)
Package grfext Info: Graphics extension search list:
(grfext)             [.png,.pdf,.jpg,.mps,.jpeg,.jbig2,.jb2,.PNG,.PDF,.JPG,.JPE
G,.JBIG2,.JB2,.eps]
(grfext)             \AppendGraphicsExtensions on input line 452.

(/usr/share/texlive/texmf-dist/tex/latex/latexconfig/epstopdf-sys.cfg
File: epstopdf-sys.cfg 2010/07/13 v1.3 Configuration of (r)epstopdf for TeX Liv
e
))
\AtBeginShipoutBox=\box32
Package hyperref Info: Link coloring OFF on input line 40.

(/usr/share/texlive/texmf-dist/tex/latex/hyperref/nameref.sty
Package: nameref 2012/10/27 v2.43 Cross-referencing by name of section

(/usr/share/texlive/texmf-dist/tex/generic/oberdiek/gettitlestring.sty
Package: gettitlestring 2010/12/03 v1.4 Cleanup title references (HO)
)
\c@section@level=\count118
)
LaTeX Info: Redefining \ref on input line 40.
LaTeX Info: Redefining \pageref on input line 40.
LaTeX Info: Redefining \nameref on input line 40.

(./PAPIERLZWO.out) (./PAPIERLZWO.out)
\@outlinefile=\write4
\openout4 = `PAPIERLZWO.out'.

LaTeX Font Info:    External font `cmex10' loaded for size
(Font)              <7> on input line 67.
LaTeX Font Info:    External font `cmex10' loaded for size
(Font)              <5> on input line 67.
LaTeX Font Info:    External font `cmex10' loaded for size
(Font)              <12> on input line 67.
LaTeX Font Info:    External font `cmex10' loaded for size
(Font)              <8> on input line 67.
LaTeX Font Info:    External font `cmex10' loaded for size
(Font)              <6> on input line 67.
 [1


{/var/lib/texmf/fonts/map/pdftex/updmap/pdftex.map}] [2] [3]
<studyarea_page_cropped.pdf, id=246, 727.03621pt x 787.02032pt>
File: studyarea_page_cropped.pdf Graphic file (type pdf)

<use studyarea_page_cropped.pdf>
Package pdftex.def Info: studyarea_page_cropped.pdf used on input line 86.
(pdftex.def)             Requested size: 390.0pt x 422.17456pt.
 [4] [5] [6 <./studyarea_page_cropped.pdf>]
Overfull \hbox (4.38112pt too wide) in paragraph at lines 101--134
 [][] 
 []

<soildistro_AOI.pdf, id=283, 481.09259pt x 482.95004pt>
File: soildistro_AOI.pdf Graphic file (type pdf)

<use soildistro_AOI.pdf>
Package pdftex.def Info: soildistro_AOI.pdf used on input line 141.
(pdftex.def)             Requested size: 390.0pt x 391.52638pt.

Underfull \hbox (badness 10000) in paragraph at lines 151--151
[]\OT1/cmr/m/n/6 corresponding WRB
 []


Underfull \hbox (badness 10000) in paragraph at lines 153--153
[]\OT1/cmr/m/n/6 Grobmaterial-
 []


Underfull \hbox (badness 6094) in paragraph at lines 153--153
[]\OT1/cmr/m/n/6 Leptosol, Regosol, His-
 []


Underfull \hbox (badness 10000) in paragraph at lines 153--154
[]\OT1/cmr/m/n/6 Terrestrische
 []


Underfull \hbox (badness 10000) in paragraph at lines 155--155
[]\OT1/cmr/m/n/6 Feinmaterial-
 []


Underfull \hbox (badness 6094) in paragraph at lines 155--155
[]\OT1/cmr/m/n/6 Leptosol, Regosol, His-
 []


Underfull \hbox (badness 1308) in paragraph at lines 155--155
\OT1/cmr/m/n/6 par-ent ma-te-rial with less than 40 V.-%
 []


Underfull \hbox (badness 10000) in paragraph at lines 155--156
[]\OT1/cmr/m/n/6 Terrestrische
 []


Underfull \hbox (badness 10000) in paragraph at lines 157--158
[]\OT1/cmr/m/n/6 Terrestrische
 []


Underfull \hbox (badness 10000) in paragraph at lines 159--159
[]\OT1/cmr/m/n/6 Kalklehm-
 []


Underfull \hbox (badness 10000) in paragraph at lines 159--160
[]\OT1/cmr/m/n/6 Terrestrische
 []


Underfull \hbox (badness 4686) in paragraph at lines 161--161
[]\OT1/cmr/m/n/6 Leptosol, Regosol, Um-
 []


Underfull \hbox (badness 10000) in paragraph at lines 161--162
[]\OT1/cmr/m/n/6 Terrestrische
 []


Underfull \hbox (badness 10000) in paragraph at lines 163--163
[]\OT1/cmr/m/n/6 Leptosol, Um-brisol,
 []


Underfull \hbox (badness 10000) in paragraph at lines 163--164
[]\OT1/cmr/m/n/6 Terrestrische
 []


Underfull \hbox (badness 1337) in paragraph at lines 171--171
[]\OT1/cmr/m/n/6 with a yellow- to red-brown co-he-sive B-
 []


Underfull \hbox (badness 10000) in paragraph at lines 173--173
[]\OT1/cmr/m/n/6 Farb-
 []


Underfull \hbox (badness 10000) in paragraph at lines 175--175
[]\OT1/cmr/m/n/6 Textur-
 []


Underfull \hbox (badness 10000) in paragraph at lines 177--178
[]\OT1/cmr/m/n/6 Umgelagerte
 []


Underfull \hbox (badness 10000) in paragraph at lines 179--180
[]\OT1/cmr/m/n/6 Umgelagerte
 []


Underfull \hbox (badness 10000) in paragraph at lines 181--181
[]\OT1/cmr/m/n/6 Haftn^^?asse-
 []

[7] [8 <./soildistro_AOI.pdf>]
Overfull \hbox (1.248pt too wide) in paragraph at lines 196--198
 []\OT1/cmr/m/it/12 Soil data base 3: data base of the Forestry Ser-vice of the
 Au-tonomous Province
 []

[9] [10] [11] [12]
LaTeX Font Info:    Try loading font information for OMS+cmr on input line 238.

 (/usr/share/texlive/texmf-dist/tex/latex/base/omscmr.fd
File: omscmr.fd 1999/05/25 v2.5h Standard LaTeX font definitions
)
LaTeX Font Info:    Font shape `OMS/cmr/m/n' in size <12> not available
(Font)              Font shape `OMS/cmsy/m/n' tried instead on input line 238.

[13] [14

] <boxplots_VR57_TRI31_MPS.pdf, id=440, 730.71431pt x 221.9725pt>
File: boxplots_VR57_TRI31_MPS.pdf Graphic file (type pdf)

<use boxplots_VR57_TRI31_MPS.pdf>
Package pdftex.def Info: boxplots_VR57_TRI31_MPS.pdf used on input line 290.
(pdftex.def)             Requested size: 390.0pt x 118.47467pt.
 [15] [16 <./boxplots_VR57_TRI31_MPS.pdf>]
[17] <soils_red.pdf, id=493, 732.81781pt x 349.06412pt>
File: soils_red.pdf Graphic file (type pdf)
 <use soils_red.pdf>
Package pdftex.def Info: soils_red.pdf used on input line 303.
(pdftex.def)             Requested size: 390.0pt x 185.77008pt.

<soildistro_ohneleerebalken.pdf, id=496, 1191.7648pt x 1008.62257pt>
File: soildistro_ohneleerebalken.pdf Graphic file (type pdf)

<use soildistro_ohneleerebalken.pdf>
Package pdftex.def Info: soildistro_ohneleerebalken.pdf used on input line 309.

(pdftex.def)             Requested size: 390.0pt x 330.06084pt.
 [18] [19 <./soils_red.pdf>] [20] [21 <./soildistro_ohneleerebalken.pdf>] [22] 
[23] [24] [25] [26] [27] [28] [29] [30]
[31]
Overfull \hbox (0.48344pt too wide) in paragraph at lines 363--365
[]\OT1/cmr/m/n/12 Ice-marginal sed-i-ments are closely as-so-ci-ated with till 
units and are mostly
 []

<SGUandmodel.pdf, id=594, 1037.59642pt x 719.7464pt>
File: SGUandmodel.pdf Graphic file (type pdf)
 <use SGUandmodel.pdf>
Package pdftex.def Info: SGUandmodel.pdf used on input line 369.
(pdftex.def)             Requested size: 390.0pt x 270.51926pt.

[32] [33] [34 <./SGUandmodel.pdf>] [35] [36] [37] [38] (./PAPIERLZWO.bbl
Missing character: There is no √ in font cmr12!
Missing character: There is no º in font cmr12!
Missing character: There is no √ in font cmr12!
Missing character: There is no º in font cmr12!

Underfull \hbox (badness 1748) in paragraph at lines 16--23
[]\OT1/cmr/m/n/12 APB, 2006.  Wald-typ-isierung Sdtirol.  Au-tonome Prov-inz Bo
zen -
 []

Missing character: There is no ≈ in font cmr12!
Missing character: There is no ° in font cmr12!
Missing character: There is no ƒ in font cmr12!
Missing character: There is no ç in font cmr12!
Missing character: There is no √ in font cmr12!
Missing character: There is no § in font cmr12!

Underfull \hbox (badness 3803) in paragraph at lines 61--73
[]\OT1/cmr/m/n/12 B^^?ohner, J., An-toni^^Sc, O., 2009.  Chap-ter 8 land-surfac
e pa-ram-
 []


Underfull \hbox (badness 3989) in paragraph at lines 61--73
\OT1/cmr/m/n/12 e-ters spe-cific to topo-climatology, in: Hengl, T., Reuter, H.
I.
 []


Underfull \hbox (badness 5832) in paragraph at lines 61--73
\OT1/cmr/m/n/12 (Eds.), Ge-o-mor-phom-e-try Con-cepts, Soft-ware, Ap-pli-ca-tio
ns. El-se-
 []


Underfull \hbox (badness 6125) in paragraph at lines 61--73
\OT1/cmr/m/n/12 vier. vol-ume 33 of \OT1/cmr/m/it/12 De-vel-op-ments in Soil Sc
i-ence\OT1/cmr/m/n/12 , pp. 195 --
 []


Underfull \hbox (badness 1147) in paragraph at lines 61--73
\OT1/cmr/m/n/12 226.  URL: []$\OT1/cmtt/m/n/12 http : / / www . sciencedirect .
 com / science / article / pii /
 []

[39]
Underfull \hbox (badness 1325) in paragraph at lines 74--81
[]\OT1/cmr/m/n/12 Breiman, L., 2001.  Ran-dom forests.  Ma-chine Learn-ing 45, 
5--32.
 []

Missing character: There is no √ in font cmr12!
Missing character: There is no § in font cmr12!
Missing character: There is no √ in font cmr12!
Missing character: There is no ∂ in font cmr12!
Missing character: There is no √ in font cmr12!
Missing character: There is no ∂ in font cmr12!

Underfull \hbox (badness 1371) in paragraph at lines 127--135
[]\OT1/cmr/m/n/12 Fracek, K., Mosi-mann, T., 2013.  Wis-sens-basierte mod-el-li
erung der
 []

Missing character: There is no ≈ in font cmr12!
Missing character: There is no ° in font cmr12!
Missing character: There is no ƒ in font cmr12!
Missing character: There is no ç in font cmr12!
Missing character: There is no ‚ in font cmr12!
Missing character: There is no Ä in font cmr12!
Missing character: There is no î in font cmr12!
Missing character: There is no √ in font cmr12!
Missing character: There is no ± in font cmr12!

Underfull \hbox (badness 10000) in paragraph at lines 146--164
\OT1/cmtt/m/n/12 sciencedirect . com / science / article / pii / B9780128052006
000086$[]\OT1/cmr/m/n/12 ,
 []

[40]
Missing character: There is no ‚ in font cmr12!
Missing character: There is no Ä in font cmr12!
Missing character: There is no ì in font cmr12!
Missing character: There is no ‚ in font cmr12!
Missing character: There is no Ä in font cmr12!
Missing character: There is no î in font cmr12!
 [41]
Underfull \hbox (badness 4927) in paragraph at lines 243--257
\OT1/cmr/m/n/12 C., 2016.  Mind the gap: A clas-si-fi-ca-tion sys-tem for in-te
-
 []


Underfull \hbox (badness 4416) in paragraph at lines 243--257
\OT1/cmr/m/n/12 grat-ing the sub-solum into soil sur-veys.  Geo-derma 264, Part

 []


Underfull \hbox (badness 3525) in paragraph at lines 243--257
\OT1/cmr/m/n/12 B, 332 -- 339.  URL: []$\OT1/cmtt/m/n/12 http : / / www . scien
cedirect . com / science /
 []


Underfull \hbox (badness 10000) in paragraph at lines 283--293
\OT1/cmtt/m/n/12 article / B6V93-[]48NJ4FP-[]2 / 2 / ee836438d645363d2ff75f332f
2f1eef$[]\OT1/cmr/m/n/12 ,
 []

[42]
Missing character: There is no √ in font cmr12!
Missing character: There is no ∂ in font cmr12!
Missing character: There is no √ in font cmr12!
Missing character: There is no ñ in font cmr12!
Missing character: There is no √ in font cmr12!
Missing character: There is no ñ in font cmr12!
Missing character: There is no √ in font cmr12!
Missing character: There is no ñ in font cmr12!
Missing character: There is no √ in font cmr12!
Missing character: There is no ü in font cmr12!
Missing character: There is no √ in font cmr12!
Missing character: There is no ∂ in font cmr12!
Missing character: There is no √ in font cmr12!
Missing character: There is no ñ in font cmr12!
Missing character: There is no √ in font cmr12!
Missing character: There is no ñ in font cmr12!
Missing character: There is no √ in font cmr12!
Missing character: There is no ñ in font cmr12!

Underfull \hbox (badness 1888) in paragraph at lines 353--365
[]\OT1/cmr/m/n/12 Olofsson, P., Foody, G.M., Stehman, S.V., Wood-cock, C.E., 20
13.
 []


Underfull \hbox (badness 7540) in paragraph at lines 353--365
\OT1/cmr/m/n/12 Mak-ing bet-ter use of ac-cu-racy data in land change stud-ies:

 []


Underfull \hbox (badness 4024) in paragraph at lines 353--365
\OT1/cmr/m/n/12 Es-ti-mat-ing ac-cu-racy and area and quan-ti-fy-ing un-cer-tai
nty us-ing
 []


Underfull \hbox (badness 2753) in paragraph at lines 353--365
\OT1/cmr/m/n/12 strat-i-fied es-ti-ma-tion.  Re-mote Sens-ing of En-vi-ron-ment
 129, 122
 []


Underfull \hbox (badness 3701) in paragraph at lines 353--365
\OT1/cmr/m/n/12 -- 131.  URL: []$\OT1/cmtt/m/n/12 http : / / www . sciencedirec
t . com / science / article /
 []


Underfull \hbox (badness 1735) in paragraph at lines 353--365
\OT1/cmtt/m/n/12 pii / S0034425712004191$[]\OT1/cmr/m/n/12 , doi:[]$\OT1/cmtt/m
/n/12 https : / / doi . org / 10 . 1016 / j . rse . 2012 .
 []

[43]
Missing character: There is no √ in font cmr12!
Missing character: There is no ∂ in font cmr12!

Underfull \hbox (badness 2065) in paragraph at lines 423--431
[]\OT1/cmr/m/n/12 Thalheimer, M., 2006.  Kartierung der land-wirtschaftlich gen
utzten
 []


Underfull \hbox (badness 1052) in paragraph at lines 423--431
\OT1/cmr/m/n/12 177.  URL: []$\OT1/cmtt/m/n/12 http : / / www . laimburg . it /
 de / projekte-[]publikationen /
 []

)
Package atveryend Info: Empty hook `BeforeClearDocument' on input line 423.
 [44]
Package atveryend Info: Empty hook `AfterLastShipout' on input line 423.
 (./PAPIERLZWO.aux)
Package atveryend Info: Executing hook `AtVeryEndDocument' on input line 423.
Package atveryend Info: Executing hook `AtEndAfterFileList' on input line 423.
Package rerunfilecheck Info: File `PAPIERLZWO.out' has not changed.
(rerunfilecheck)             Checksum: 86AFCA44A31D30A6C7DA27F0BE89D46E;3007.
Package atveryend Info: Empty hook `AtVeryVeryEnd' on input line 423.
 ) 
Here is how much of TeX's memory you used:
 6247 strings out of 493304
 91279 string characters out of 6139871
 194409 words of memory out of 5000000
 9505 multiletter control sequences out of 15000+600000
 9351 words of font info for 33 fonts, out of 8000000 for 9000
 957 hyphenation exceptions out of 8191
 34i,12n,34p,3417b,523s stack positions out of 5000i,500n,10000p,200000b,80000s
</usr/share/texlive/texmf-dist/fonts/type1/public/amsfonts/cm/cmbx12.pfb></us
r/share/texlive/texmf-dist/fonts/type1/public/amsfonts/cm/cmmi5.pfb></usr/share
/texlive/texmf-dist/fonts/type1/public/amsfonts/cm/cmmi6.pfb></usr/share/texliv
e/texmf-dist/fonts/type1/public/amsfonts/cm/cmr10.pfb></usr/share/texlive/texmf
-dist/fonts/type1/public/amsfonts/cm/cmr12.pfb></usr/share/texlive/texmf-dist/f
onts/type1/public/amsfonts/cm/cmr17.pfb></usr/share/texlive/texmf-dist/fonts/ty
pe1/public/amsfonts/cm/cmr6.pfb></usr/share/texlive/texmf-dist/fonts/type1/publ
ic/amsfonts/cm/cmr8.pfb></usr/share/texlive/texmf-dist/fonts/type1/public/amsfo
nts/cm/cmss8.pfb></usr/share/texlive/texmf-dist/fonts/type1/public/amsfonts/cm/
cmsy10.pfb></usr/share/texlive/texmf-dist/fonts/type1/public/amsfonts/cm/cmsy7.
pfb></usr/share/texlive/texmf-dist/fonts/type1/public/amsfonts/cm/cmsy8.pfb></u
sr/share/texlive/texmf-dist/fonts/type1/public/amsfonts/cm/cmti10.pfb></usr/sha
re/texlive/texmf-dist/fonts/type1/public/amsfonts/cm/cmti12.pfb></usr/share/tex
live/texmf-dist/fonts/type1/public/amsfonts/cm/cmti7.pfb></usr/share/texlive/te
xmf-dist/fonts/type1/public/amsfonts/cm/cmtt10.pfb></usr/share/texlive/texmf-di
st/fonts/type1/public/amsfonts/cm/cmtt12.pfb>
Output written on PAPIERLZWO.pdf (44 pages, 6272271 bytes).
PDF statistics:
 914 PDF objects out of 1000 (max. 8388607)
 781 compressed objects within 8 object streams
 144 named destinations out of 1000 (max. 500000)
 295 words of extra memory for PDF output out of 10000 (max. 10000000)

