\BOOKMARK [1][-]{section.1}{new idea}{}% 1
\BOOKMARK [1][-]{section.2}{Introduction}{}% 2
\BOOKMARK [1][-]{section.3}{Material and Methods}{}% 3
\BOOKMARK [2][-]{subsection.3.1}{Study area and data}{section.3}% 4
\BOOKMARK [3][-]{subsubsection.3.1.1}{Surficial Geology}{subsection.3.1}% 5
\BOOKMARK [3][-]{subsubsection.3.1.2}{Soils}{subsection.3.1}% 6
\BOOKMARK [3][-]{subsubsection.3.1.3}{Digital elevation data}{subsection.3.1}% 7
\BOOKMARK [2][-]{subsection.3.2}{Methods}{section.3}% 8
\BOOKMARK [3][-]{subsubsection.3.2.1}{Terrain parameters with emphasis on roughness measures}{subsection.3.2}% 9
\BOOKMARK [3][-]{subsubsection.3.2.2}{Random Forest classification }{subsection.3.2}% 10
\BOOKMARK [1][-]{section.4}{Results and discussion}{}% 11
\BOOKMARK [2][-]{subsection.4.1}{Comparison of soil parent material at soil profile sites with geologic map units}{section.4}% 12
\BOOKMARK [2][-]{subsection.4.2}{Random forest classification of parent material based on geologic map data and topography}{section.4}% 13
\BOOKMARK [2][-]{subsection.4.3}{Geologic-topographic characterisation of the predominant SGUs}{section.4}% 14
\BOOKMARK [3][-]{subsubsection.4.3.1}{Alluvial deposits}{subsection.4.3}% 15
\BOOKMARK [3][-]{subsubsection.4.3.2}{Siliceous bedrock}{subsection.4.3}% 16
\BOOKMARK [3][-]{subsubsection.4.3.3}{Till in general}{subsection.4.3}% 17
\BOOKMARK [3][-]{subsubsection.4.3.4}{Slope debris}{subsection.4.3}% 18
\BOOKMARK [3][-]{subsubsection.4.3.5}{Calcareous sedimentary rock}{subsection.4.3}% 19
\BOOKMARK [3][-]{subsubsection.4.3.6}{Debris cones}{subsection.4.3}% 20
\BOOKMARK [3][-]{subsubsection.4.3.7}{Intermediate sedimentary rock and siliceous sedimentary rock}{subsection.4.3}% 21
\BOOKMARK [3][-]{subsubsection.4.3.8}{MxD,LD,CD}{subsection.4.3}% 22
\BOOKMARK [3][-]{subsubsection.4.3.9}{GLD, IMS, MrD}{subsection.4.3}% 23
\BOOKMARK [2][-]{subsection.4.4}{Differences between geologic survey and parent material from profile site descriptions}{section.4}% 24
\BOOKMARK [3][-]{subsubsection.4.4.1}{Differences with regard to mapping purpose}{subsection.4.4}% 25
\BOOKMARK [3][-]{subsubsection.4.4.2}{Nomenclatural differences and overlaping classes}{subsection.4.4}% 26
\BOOKMARK [2][-]{subsection.4.5}{Pedologic interpretation of terrain parameters that best seperate the geological units}{section.4}% 27
\BOOKMARK [2][-]{subsection.4.6}{Distribution of soil types with regard to geologic unit as well as parent material unit}{section.4}% 28
\BOOKMARK [2][-]{subsection.4.7}{Influence of the Alpine environment on interpretability of geologic units as parent material units}{section.4}% 29
\BOOKMARK [3][-]{subsubsection.4.7.1}{High relief areas and multilayering}{subsection.4.7}% 30
\BOOKMARK [3][-]{subsubsection.4.7.2}{thin cover layers of till - an essential new parentmaterial unit?}{subsection.4.7}% 31
\BOOKMARK [3][-]{subsubsection.4.7.3}{Is the morphodynamic background of deposits a necessary distinctive attribute from a pedological point of view?}{subsection.4.7}% 32
\BOOKMARK [1][-]{section.5}{Conclusion}{}% 33
